=== CDPR Server ===
Table: 606 x 730 mm
Connected to motors.
Motors enabled.
Position set to center (303.0, 365.0)
Listening on localhost:8421
Ctrl+C to stop.

Client connected.
  SETPOS (303.0, 365.0)
  -> OK
  CMD (353.0, 365.0) @ 50 mm/s
  -> OK
  POS -> (353.0, 365.0)
  CMD (353.0, 415.0) @ 50 mm/s
  -> OK
  POS -> (353.0, 415.0)
  CMD (303.0, 415.0) @ 50 mm/s
  -> OK
  POS -> (303.0, 415.0)
  CMD (303.0, 365.0) @ 50 mm/s
  -> OK
  POS -> (303.0, 365.0)
Client disconnected (QUIT).
Client connected.
  SETPOS (303.0, 365.0)
  -> OK
  CMD (353.0, 365.0) @ 50 mm/s
  -> OK
  POS -> (353.0, 365.0)
  CMD (353.0, 415.0) @ 50 mm/s
  -> OK
  POS -> (353.0, 415.0)
  CMD (303.0, 415.0) @ 50 mm/s
  -> OK
  POS -> (303.0, 415.0)
  CMD (303.0, 365.0) @ 50 mm/s
  -> OK
  POS -> (303.0, 365.0)
Client disconnected (QUIT).
Client connected.
  SETPOS (303.0, 219.0)
  -> OK
  CMD (303.0, 219.0) @ 50 mm/s
  -> OK
  CMD (303.0, 219.0) @ 50 mm/s
  -> OK
  CMD (303.0, 219.0) @ 50 mm/s
  -> OK
  CMD (303.0, 219.0) @ 50 mm/s
  -> OK
  CMD (303.0, 219.0) @ 50 mm/s
  -> OK
  CMD (303.0, 219.0) @ 50 mm/s
  -> OK
  CMD (303.0, 219.0) @ 50 mm/s
  -> OK
  CMD (303.0, 219.0) @ 50 mm/s
  -> OK
  CMD (303.0, 219.0) @ 50 mm/s
  -> OK
  CMD (303.0, 219.0) @ 50 mm/s
  -> OK
  CMD (303.0, 219.0) @ 50 mm/s
  -> OK
  CMD (303.0, 219.0) @ 50 mm/s
  -> OK
  CMD (303.0, 219.0) @ 50 mm/s
  -> OK
  CMD (303.0, 219.0) @ 50 mm/s
  -> OK
  CMD (303.0, 219.0) @ 50 mm/s
  -> OK
  CMD (303.0, 219.0) @ 50 mm/s
  -> OK
  CMD (303.0, 219.0) @ 50 mm/s
  -> OK
  CMD (303.0, 219.0) @ 50 mm/s
  -> OK
  CMD (303.0, 219.0) @ 50 mm/s
  -> OK
  CMD (303.0, 219.0) @ 50 mm/s
  -> OK
  CMD (303.0, 219.0) @ 50 mm/s
  -> OK
  CMD (303.0, 219.0) @ 50 mm/s
  -> OK
  CMD (303.0, 219.0) @ 50 mm/s
  -> OK
  CMD (303.0, 219.0) @ 50 mm/s
  -> OK
  CMD (303.0, 219.0) @ 50 mm/s
  -> OK
  CMD (303.0, 219.0) @ 50 mm/s
  -> OK
  CMD (303.0, 219.0) @ 50 mm/s
  -> OK
  CMD (303.0, 219.0) @ 50 mm/s
  -> OK
  CMD (303.0, 219.0) @ 50 mm/s
  -> OK
  CMD (303.0, 219.0) @ 50 mm/s
  -> OK
  CMD (303.0, 219.0) @ 50 mm/s
  -> OK
  CMD (303.0, 219.0) @ 50 mm/s
  -> OK
  CMD (303.0, 219.0) @ 50 mm/s
  -> OK
  CMD (303.0, 219.0) @ 50 mm/s
  -> OK
  CMD (303.0, 219.0) @ 50 mm/s
  -> OK
  CMD (303.0, 219.0) @ 50 mm/s
  -> OK
  CMD (303.0, 219.0) @ 50 mm/s
  -> OK
  CMD (303.0, 219.0) @ 50 mm/s
  -> OK
  CMD (303.0, 219.0) @ 50 mm/s
  -> OK
  CMD (303.0, 219.0) @ 50 mm/s
  -> OK
  CMD (303.0, 219.0) @ 50 mm/s
  -> OK
  CMD (303.0, 219.0) @ 50 mm/s
  -> OK
  CMD (303.0, 219.0) @ 50 mm/s
  -> OK
  CMD (303.0, 219.0) @ 50 mm/s
  -> OK
  CMD (303.0, 219.0) @ 50 mm/s
  -> OK
  CMD (303.0, 219.0) @ 50 mm/s
  -> OK
  CMD (303.0, 219.0) @ 50 mm/s
  -> OK
  CMD (303.0, 219.0) @ 50 mm/s
  -> OK
  CMD (303.0, 219.0) @ 50 mm/s
  -> OK
  CMD (303.0, 219.0) @ 50 mm/s
  -> OK
  CMD (303.0, 219.0) @ 50 mm/s
  -> OK
  CMD (303.0, 219.0) @ 50 mm/s
  -> OK
  CMD (303.0, 219.0) @ 50 mm/s
  -> OK
  CMD (303.0, 219.0) @ 50 mm/s
  -> OK
  CMD (303.0, 219.0) @ 50 mm/s
  -> OK
  CMD (303.0, 219.0) @ 50 mm/s
  -> OK
  CMD (303.0, 219.0) @ 50 mm/s
  -> OK
  CMD (303.0, 219.0) @ 50 mm/s
  -> OK
  CMD (303.0, 219.0) @ 50 mm/s
  -> OK
  CMD (303.0, 219.0) @ 50 mm/s
  -> OK
Client disconnected (QUIT).
Client connected.
  SETPOS (303.0, 219.0)
  -> OK
  CMD (303.0, 219.0) @ 50 mm/s
  -> OK
  CMD (303.0, 219.0) @ 50 mm/s
  -> OK
  CMD (303.0, 219.0) @ 50 mm/s
  -> OK
  CMD (303.0, 219.0) @ 50 mm/s
  -> OK
Client disconnected (QUIT).
Client connected.
  SETPOS (568.8, 569.1)
  -> OK
  CMD (568.8, 569.1) @ 50 mm/s
  -> OK
  CMD (568.8, 569.1) @ 50 mm/s
  -> OK
  CMD (568.8, 569.1) @ 50 mm/s
  -> OK
  CMD (568.8, 569.1) @ 50 mm/s
  -> OK
  CMD (576.0, 499.3) @ 50 mm/s
  -> OK
  CMD (576.0, 499.3) @ 50 mm/s
  -> OK
  CMD (576.0, 499.3) @ 50 mm/s
  -> OK
  CMD (576.0, 499.3) @ 50 mm/s
  -> OK
  CMD (494.3, 437.0) @ 50 mm/s
  -> OK
  CMD (494.3, 437.0) @ 50 mm/s
  -> OK
  CMD (494.3, 437.0) @ 50 mm/s
  -> OK
  CMD (494.3, 437.0) @ 50 mm/s
  -> OK
  CMD (452.9, 419.6) @ 50 mm/s
  -> OK
  CMD (452.9, 419.6) @ 50 mm/s
  -> OK
  CMD (452.9, 419.6) @ 50 mm/s
  -> OK
  CMD (452.9, 419.6) @ 50 mm/s
  -> OK
  CMD (416.8, 409.6) @ 50 mm/s
  -> OK
  CMD (416.8, 409.6) @ 50 mm/s
  -> OK
  CMD (416.8, 409.6) @ 50 mm/s
  -> OK
  CMD (416.8, 409.6) @ 50 mm/s
  -> OK
  CMD (399.2, 403.4) @ 50 mm/s
  -> ERR commandPosition
  CMD (399.2, 403.4) @ 50 mm/s
  -> ERR commandPosition
  CMD (399.2, 403.4) @ 50 mm/s
  -> ERR commandPosition
  CMD (399.2, 403.4) @ 50 mm/s
  -> ERR commandPosition
  CMD (390.9, 397.2) @ 50 mm/s
  -> ERR commandPosition
  CMD (390.9, 397.2) @ 50 mm/s
  -> ERR commandPosition
  CMD (390.9, 397.2) @ 50 mm/s
  -> ERR commandPosition
  CMD (390.9, 397.2) @ 50 mm/s
  -> ERR commandPosition
  CMD (387.8, 395.9) @ 50 mm/s
  -> ERR commandPosition
  CMD (387.8, 395.9) @ 50 mm/s
  -> ERR commandPosition
  CMD (387.8, 395.9) @ 50 mm/s
  -> ERR commandPosition
  CMD (387.8, 395.9) @ 50 mm/s
  -> ERR commandPosition
  CMD (385.7, 395.9) @ 50 mm/s
  -> ERR commandPosition
  CMD (385.7, 395.9) @ 50 mm/s
  -> ERR commandPosition
  CMD (385.7, 395.9) @ 50 mm/s
  -> ERR commandPosition
  CMD (385.7, 395.9) @ 50 mm/s
  -> ERR commandPosition
  CMD (382.6, 394.7) @ 50 mm/s
  -> ERR commandPosition
  CMD (382.6, 394.7) @ 50 mm/s
  -> ERR commandPosition
  CMD (382.6, 394.7) @ 50 mm/s
  -> ERR commandPosition
  CMD (382.6, 394.7) @ 50 mm/s
  -> ERR commandPosition
  CMD (371.2, 389.7) @ 50 mm/s
  -> ERR commandPosition
  CMD (371.2, 389.7) @ 50 mm/s
  -> ERR commandPosition
  CMD (371.2, 389.7) @ 50 mm/s
  -> ERR commandPosition
  CMD (371.2, 389.7) @ 50 mm/s
  -> ERR commandPosition
Client disconnected (QUIT).
Client connected.
  SETPOS (576.0, 700.0)
  -> OK
  CMD (576.0, 700.0) @ 50 mm/s
  -> ERR commandPosition
  CMD (576.0, 700.0) @ 50 mm/s
  -> ERR commandPosition
  CMD (576.0, 700.0) @ 50 mm/s
  -> ERR commandPosition
  CMD (576.0, 700.0) @ 50 mm/s
  -> ERR commandPosition
Client disconnected (QUIT).

Shutting down...
Done.
